TN:
SF:src\index.ts
FNF:0
FNH:0
DA:1,1
DA:2,1
DA:3,1
DA:4,1
DA:5,1
DA:6,1
DA:7,1
DA:8,1
DA:9,1
DA:10,1
DA:11,1
DA:12,1
DA:13,1
DA:14,1
DA:15,1
DA:16,1
DA:17,1
DA:18,1
DA:19,1
DA:20,1
DA:21,1
DA:22,1
DA:23,1
DA:24,1
DA:25,1
DA:26,1
DA:27,1
DA:28,1
DA:29,1
DA:30,0
DA:31,0
DA:32,0
DA:33,0
DA:34,0
DA:35,0
DA:36,0
DA:37,0
DA:38,1
DA:39,1
DA:40,1
LF:40
LH:32
BRDA:26,0,0,5
BRF:1
BRH:1
end_of_record
TN:
SF:src\controllers\ApiController.ts
FN:5,create
FN:18,create
FNF:2
FNH:2
FNDA:1,create
FNDA:1,create
DA:1,1
DA:2,1
DA:3,1
DA:4,1
DA:5,1
DA:6,1
DA:7,1
DA:8,1
DA:9,1
DA:10,1
DA:11,1
DA:12,1
DA:13,1
DA:14,1
DA:15,1
DA:16,1
DA:17,1
DA:18,1
DA:19,1
DA:20,1
DA:21,1
DA:22,1
DA:23,1
DA:24,1
DA:25,1
DA:26,1
DA:27,0
DA:28,1
DA:29,1
DA:30,1
LF:30
LH:29
BRDA:5,0,0,1
BRDA:5,1,0,1
BRDA:10,2,0,1
BRDA:11,3,0,0
BRDA:18,4,0,1
BRDA:18,5,0,1
BRDA:23,6,0,1
BRDA:24,7,0,0
BRF:8
BRH:6
end_of_record
TN:
SF:src\controllers\ApiHistoryController.ts
FN:8,create
FN:25,create
FNF:2
FNH:0
FNDA:0,create
FNDA:0,create
DA:1,1
DA:2,1
DA:3,1
DA:4,1
DA:5,1
DA:6,1
DA:7,1
DA:8,1
DA:9,0
DA:10,0
DA:11,0
DA:12,0
DA:13,0
DA:14,0
DA:15,0
DA:16,0
DA:17,0
DA:18,0
DA:19,0
DA:20,0
DA:21,0
DA:22,1
DA:23,1
DA:24,1
DA:25,1
DA:26,0
DA:27,0
DA:28,0
DA:29,0
DA:30,0
DA:31,0
DA:32,0
DA:33,0
DA:34,0
DA:35,0
DA:36,0
DA:37,0
DA:38,0
DA:39,1
LF:39
LH:13
BRF:0
BRH:0
end_of_record
TN:
SF:src\controllers\ExchangeController.ts
FN:11,create
FNF:1
FNH:1
FNDA:5,create
DA:1,1
DA:2,1
DA:3,1
DA:4,1
DA:5,1
DA:6,1
DA:7,1
DA:8,1
DA:9,1
DA:10,1
DA:11,1
DA:12,5
DA:13,5
DA:14,5
DA:15,5
DA:16,5
DA:17,5
DA:18,5
DA:19,0
DA:20,0
DA:21,5
DA:22,5
DA:23,5
DA:24,2
DA:25,1
DA:26,1
DA:27,1
DA:28,1
DA:29,1
DA:30,1
DA:31,1
DA:32,1
DA:33,1
DA:34,1
DA:35,1
DA:36,1
DA:37,1
DA:38,1
DA:39,1
DA:40,1
DA:41,1
DA:42,1
DA:43,1
DA:44,1
DA:45,1
DA:46,2
DA:47,5
DA:48,1
DA:49,0
DA:50,1
DA:51,1
DA:52,1
DA:53,1
DA:54,1
DA:55,1
DA:56,1
DA:57,1
DA:58,1
DA:59,1
DA:60,1
DA:61,1
DA:62,1
DA:63,1
DA:64,1
DA:65,1
DA:66,1
DA:67,1
DA:68,1
DA:69,1
DA:70,5
DA:71,2
DA:72,5
DA:73,5
DA:74,0
DA:75,0
DA:76,5
DA:77,1
LF:77
LH:72
BRDA:11,0,0,5
BRDA:14,1,0,0
BRDA:14,2,0,0
BRDA:15,3,0,0
BRDA:15,4,0,0
BRDA:18,5,0,0
BRDA:23,6,0,2
BRDA:24,7,0,1
BRDA:24,8,0,1
BRDA:47,9,0,1
BRDA:48,10,0,0
BRDA:70,11,0,2
BRDA:73,12,0,0
BRDA:32,13,0,1
BRDA:42,14,0,1
BRDA:56,15,0,1
BRDA:65,16,0,1
BRF:17
BRH:10
end_of_record
TN:
SF:src\controllers\HistoryController.ts
FN:20,create
FNF:1
FNH:0
FNDA:0,create
DA:1,1
DA:2,1
DA:3,1
DA:4,1
DA:5,1
DA:6,1
DA:7,1
DA:8,1
DA:9,1
DA:10,1
DA:11,1
DA:12,1
DA:13,1
DA:14,1
DA:15,1
DA:16,1
DA:17,1
DA:18,1
DA:19,1
DA:20,1
DA:21,0
DA:22,0
DA:23,0
DA:24,0
DA:25,0
DA:26,0
DA:27,0
DA:28,0
DA:29,0
DA:30,0
DA:31,0
DA:32,0
DA:33,0
DA:34,0
DA:35,0
DA:36,0
DA:37,0
DA:38,0
DA:39,0
DA:40,0
DA:41,0
DA:42,0
DA:43,0
DA:44,0
DA:45,1
LF:45
LH:21
BRF:0
BRH:0
end_of_record
TN:
SF:src\controllers\SearchUserController.ts
FN:5,create
FNF:1
FNH:0
FNDA:0,create
DA:1,1
DA:2,1
DA:3,1
DA:4,1
DA:5,1
DA:6,0
DA:7,0
DA:8,0
DA:9,0
DA:10,0
DA:11,0
DA:12,0
DA:13,0
DA:14,1
LF:14
LH:6
BRF:0
BRH:0
end_of_record
TN:
SF:src\controllers\SessionController.ts
FN:11,create
FNF:1
FNH:1
FNDA:3,create
DA:1,1
DA:2,1
DA:3,1
DA:4,1
DA:5,1
DA:6,1
DA:7,1
DA:8,1
DA:9,1
DA:10,1
DA:11,1
DA:12,3
DA:13,3
DA:14,3
DA:15,3
DA:16,2
DA:17,2
DA:18,1
DA:19,1
DA:20,1
DA:21,1
DA:22,1
DA:23,0
DA:24,0
DA:25,0
DA:26,0
DA:27,0
DA:28,3
DA:29,1
LF:29
LH:24
BRDA:11,0,0,3
BRDA:15,1,0,2
BRDA:18,2,0,1
BRDA:23,3,0,0
BRF:4
BRH:3
end_of_record
TN:
SF:src\controllers\UserController.ts
FN:16,hashPassword
FN:27,create
FNF:2
FNH:2
FNDA:3,hashPassword
FNDA:10,create
DA:1,1
DA:2,1
DA:3,1
DA:4,1
DA:5,1
DA:6,1
DA:7,1
DA:8,1
DA:9,1
DA:10,1
DA:11,1
DA:12,1
DA:13,1
DA:14,1
DA:15,1
DA:16,3
DA:17,3
DA:18,3
DA:19,3
DA:20,3
DA:21,3
DA:22,0
DA:23,0
DA:24,3
DA:25,1
DA:26,1
DA:27,1
DA:28,10
DA:29,10
DA:30,10
DA:31,10
DA:32,1
DA:33,1
DA:34,9
DA:35,10
DA:36,1
DA:37,1
DA:38,8
DA:39,10
DA:40,1
DA:41,1
DA:42,7
DA:43,10
DA:44,1
DA:45,1
DA:46,6
DA:47,6
DA:48,10
DA:49,3
DA:50,3
DA:51,3
DA:52,3
DA:53,3
DA:54,3
DA:55,3
DA:56,3
DA:57,3
DA:58,3
DA:59,3
DA:60,3
DA:61,3
DA:62,3
DA:63,3
DA:64,3
DA:65,3
DA:66,0
DA:67,3
DA:68,3
DA:69,3
DA:70,3
DA:71,10
DA:72,0
DA:73,0
DA:74,10
DA:75,1
LF:75
LH:70
BRDA:16,0,0,3
BRDA:21,1,0,0
BRDA:27,2,0,10
BRDA:31,3,0,2
BRDA:31,4,0,1
BRDA:31,5,0,1
BRDA:34,6,0,9
BRDA:35,7,0,1
BRDA:38,8,0,8
BRDA:39,9,0,1
BRDA:42,10,0,7
BRDA:43,11,0,6
BRDA:43,12,0,1
BRDA:48,13,0,3
BRDA:71,14,0,0
BRDA:64,15,0,3
BRDA:65,16,0,0
BRF:17
BRH:14
end_of_record
TN:
SF:src\controllers\WalletControler.ts
FN:5,create
FNF:1
FNH:1
FNDA:4,create
DA:1,1
DA:2,1
DA:3,1
DA:4,1
DA:5,1
DA:6,4
DA:7,4
DA:8,4
DA:9,4
DA:10,4
DA:11,0
DA:12,4
DA:13,2
DA:14,2
DA:15,2
DA:16,2
DA:17,2
DA:18,1
DA:19,2
DA:20,1
DA:21,4
DA:22,1
DA:23,1
DA:24,4
DA:25,1
LF:25
LH:24
BRDA:5,0,0,4
BRDA:10,1,0,0
BRDA:12,2,0,2
BRDA:20,3,0,1
BRDA:21,4,0,1
BRDA:17,5,0,1
BRF:6
BRH:5
end_of_record
TN:
SF:src\models\userData.ts
FNF:0
FNH:0
DA:1,1
DA:2,1
DA:3,1
DA:4,1
DA:5,1
DA:6,1
DA:7,1
DA:8,1
DA:9,1
DA:10,1
DA:11,1
DA:12,1
DA:13,1
DA:14,1
DA:15,1
DA:16,1
DA:17,1
DA:18,1
DA:19,1
DA:20,1
DA:21,1
DA:22,1
DA:23,1
DA:24,1
DA:25,1
DA:26,1
DA:27,1
DA:28,1
DA:29,1
DA:30,1
DA:31,1
DA:32,1
DA:33,1
DA:34,1
DA:35,1
DA:36,1
DA:37,1
DA:38,1
DA:39,1
DA:40,1
DA:41,1
DA:42,1
DA:43,1
DA:44,1
DA:45,1
DA:46,1
DA:47,1
DA:48,1
DA:49,1
DA:50,1
DA:51,1
DA:52,1
DA:53,1
DA:54,1
DA:55,1
DA:56,1
DA:57,1
DA:58,1
DA:59,1
DA:60,1
DA:61,1
DA:62,1
DA:63,1
DA:64,1
DA:65,1
LF:65
LH:65
BRF:0
BRH:0
end_of_record
TN:
SF:src\routes\Router.ts
FNF:0
FNH:0
DA:1,1
DA:2,1
DA:3,1
DA:4,1
DA:5,1
DA:6,1
DA:7,1
DA:8,1
DA:9,1
DA:10,1
DA:11,1
DA:12,1
DA:13,1
DA:14,1
DA:15,1
DA:16,1
DA:17,1
DA:18,1
DA:19,1
DA:20,1
DA:21,1
DA:22,1
DA:23,1
DA:24,1
LF:24
LH:24
BRF:0
BRH:0
end_of_record
TN:
SF:src\test\WalletController\walletUserMock.ts
FNF:0
FNH:0
DA:1,1
DA:2,1
DA:3,1
DA:4,1
DA:5,1
DA:6,1
DA:7,1
DA:8,1
DA:9,1
DA:10,1
DA:11,1
LF:11
LH:11
BRF:0
BRH:0
end_of_record
TN:
SF:src\test\exchangeController\exchangeUserMock.ts
FNF:0
FNH:0
DA:1,1
DA:2,1
DA:3,1
DA:4,1
DA:5,1
DA:6,1
DA:7,1
DA:8,1
DA:9,1
DA:10,1
DA:11,1
LF:11
LH:11
BRF:0
BRH:0
end_of_record
TN:
SF:src\test\session\sessionMock.ts
FNF:0
FNH:0
DA:1,1
DA:2,1
DA:3,1
DA:4,1
DA:5,1
DA:6,1
DA:7,1
DA:8,1
DA:9,1
LF:9
LH:9
BRF:0
BRH:0
end_of_record
TN:
SF:src\test\session\wrongSessionMock.ts
FNF:0
FNH:0
DA:1,1
DA:2,1
DA:3,1
DA:4,1
DA:5,1
DA:6,1
DA:7,1
DA:8,1
DA:9,1
LF:9
LH:9
BRF:0
BRH:0
end_of_record
TN:
SF:src\test\userController\userMock.ts
FNF:0
FNH:0
DA:1,1
DA:2,1
DA:3,1
DA:4,1
DA:5,1
DA:6,1
DA:7,1
DA:8,1
DA:9,1
DA:10,1
DA:11,1
LF:11
LH:11
BRF:0
BRH:0
end_of_record
